<?xml version="1.0" encoding="UTF-8"?>
<!-- Generated by org.testng.reporters.JUnitXMLReporter -->
<testsuite ignored="0" hostname="MSI" failures="0" tests="6" name="Default test" time="6.731" errors="0" timestamp="2024-01-01T10:04:38 CST">
  <testcase classname="api.test.DDTests" name="postUser" time="3.107"/>
  <testcase classname="api.test.DDTests" name="postUser" time="0.289"/>
  <testcase classname="api.test.DDTests" name="postUser" time="0.265"/>
  <testcase classname="api.test.DDTests" name="deleteUser" time="0.356"/>
  <testcase classname="api.test.DDTests" name="deleteUser" time="0.281"/>
  <testcase classname="api.test.DDTests" name="deleteUser" time="0.28"/>
</testsuite> <!-- Default test -->
