<?xml version="1.0" encoding="UTF-8"?>
<testsuite xmlns:xsi="http://www.w3.org/2001/XMLSchema-instance" xsi:noNamespaceSchemaLocation="https://maven.apache.org/surefire/maven-surefire-plugin/xsd/surefire-test-report-3.0.xsd" version="3.0" name="TestSuite" time="6.863" tests="9" errors="0" skipped="0" failures="0">
  <properties>
[...]
</properties>
  <testcase name="postUser[4, testuser1, Sam, Soulek, s@gmail.com, abc*1, 1234567890](1)" classname="api.test.UserTests" time="2.023">
    <system-err><![CDATA[SLF4J: Failed to load class "org.slf4j.impl.StaticLoggerBinder".
SLF4J: Defaulting to no-operation (NOP) logger implementation
SLF4J: See http://www.slf4j.org/codes.html#StaticLoggerBinder for further details.
]]></system-err>
  </testcase>
  <testcase name="postUser[8, testuser2, Joe, Hattab, j@gmail.com, abc*2, 9876543210](2)" classname="api.test.UserTests" time="0.305"/>
  <testcase name="postUser[16, testuser3, Kabby, Lame, k@gmail.com, abc*3, 1230987654](3)" classname="api.test.UserTests" time="0.297"/>
  <testcase name="getUser[testuser1](1)" classname="api.test.UserTests" time="0.322">
    <system-out><![CDATA[{
    "id": 4,
    "username": "testuser1",
    "email": "s@gmail.com",
    "password": "abc*1",
    "phone": "1234567890",
    "userStatus": 0
}
]]></system-out>
  </testcase>
  <testcase name="getUser[testuser2](2)" classname="api.test.UserTests" time="0.297">
    <system-out><![CDATA[{
    "id": 8,
    "username": "testuser2",
    "email": "j@gmail.com",
    "password": "abc*2",
    "phone": "9876543210",
    "userStatus": 0
}
]]></system-out>
  </testcase>
  <testcase name="getUser[testuser3](3)" classname="api.test.UserTests" time="0.303">
    <system-out><![CDATA[{
    "id": 16,
    "username": "testuser3",
    "email": "k@gmail.com",
    "password": "abc*3",
    "phone": "1230987654",
    "userStatus": 0
}
]]></system-out>
  </testcase>
  <testcase name="deleteUser[testuser1](1)" classname="api.test.UserTests" time="0.249"/>
  <testcase name="deleteUser[testuser2](2)" classname="api.test.UserTests" time="0.25"/>
  <testcase name="deleteUser[testuser3](3)" classname="api.test.UserTests" time="0.259"/>
</testsuite>